Arguments: 
  C:\Program Files\nodejs\node.exe C:\Program Files\nodejs\node_modules\yarn\bin\yarn.js

PATH: 
  C:\Users\yhning\AppData\Local\oh-my-posh;C:\Program Files\PowerShell\7;E:\softWareWS\vmware16\bin\;C:\Windows\system32;C:\Windows;C:\Windows\System32\Wbem;C:\Windows\System32\WindowsPowerShell\v1.0\;C:\Windows\System32\OpenSSH\;C:\Program Files\dotnet\;D:\Git\cmd;D:\nvm;C:\Program Files\nodejs;C:\Program Files\PowerShell\7\;E:\companyDoc\phpcomposer\phpstudy_pro\Extensions\php\php7.3.4nts;C:\ProgramData\ComposerSetup\bin;E:\companyDoc\phpcomposer\phpstudy_pro\Extensions\php\php7.3.4nts;E:\softWareWS\vagrantVMFull\bin;C:\Users\yhning\AppData\Local\Programs\Python\Python38\Scripts\;C:\Users\yhning\AppData\Local\Programs\Python\Python38\;C:\Users\yhning\scoop\shims;C:\Users\yhning\AppData\Local\activestate\cache\bin;C:\Users\yhning\AppData\Local\ActiveState\StateTool\release\bin;C:\Users\yhning\AppData\Local\Microsoft\WindowsApps;D:\Microsoft VS Code\bin;D:\nvm;C:\Program Files\nodejs;D:\mysqlBin\bin;D:\mongomsifold\bin;C:\Users\yhning\AppData\Local\Programs\oh-my-posh\bin;C:\Users\yhning\AppData\Roaming\Composer\vendor\bin;E:\companyDoc\phpcomposer\phpstudy_pro\Extensions\php\php7.3.4nts;

Yarn version: 
  1.22.19

Node version: 
  14.18.0

Platform: 
  win32 x64

Trace: 
  Error: http://registry.npm.taobao.org/@starzkg%2fvuepress-plugin-element-plus: Invalid protocol: 127.0.0.1:
      at Request.module.exports.Request.init (D:\nvm\v14.18.0\node_modules\yarn\lib\cli.js:141159:31)
      at new Request (D:\nvm\v14.18.0\node_modules\yarn\lib\cli.js:140832:8)
      at request (D:\nvm\v14.18.0\node_modules\yarn\lib\cli.js:137738:10)
      at RequestManager.execute (D:\nvm\v14.18.0\node_modules\yarn\lib\cli.js:66197:15)
      at RequestManager.shiftQueue (D:\nvm\v14.18.0\node_modules\yarn\lib\cli.js:66235:10)
      at D:\nvm\v14.18.0\node_modules\yarn\lib\cli.js:65905:13
      at new Promise (<anonymous>)
      at new F (D:\nvm\v14.18.0\node_modules\yarn\lib\cli.js:5305:28)
      at RequestManager.request (D:\nvm\v14.18.0\node_modules\yarn\lib\cli.js:65903:19)
      at NpmRegistry.<anonymous> (D:\nvm\v14.18.0\node_modules\yarn\lib\cli.js:31751:42)

npm manifest: 
  {
    "name": "vuepressNoteNet",
    "version": "1.0.1",
    "main": "index.js",
    "homepage": "https://nyhxiaoning.github.io/dist",
    "repository": "https://github.com/nyhxiaoning/vuepressNoteNet.git",
    "author": "daning <1540097293@qq.com>",
    "license": "MIT",
    "devDependencies": {
      "@starzkg/vuepress-plugin-element-plus": "^1.0.0-beta.11",
      "@vuepress/plugin-back-to-top": "^2.0.0-beta.46",
      "@vuepress/plugin-docsearch": "^2.0.0-beta.46",
      "@vuepress/plugin-external-link-icon": "^2.0.0-beta.46",
      "@vuepress/plugin-medium-zoom": "^2.0.0-beta.46",
      "@vuepress/plugin-nprogress": "^2.0.0-beta.46",
      "@vuepress/plugin-search": "^2.0.0-beta.46",
      "@vuepress/plugin-toc": "^2.0.0-beta.46",
      "cz-git": "^1.3.3",
      "element-plus": "^2.2.2",
      "vuepress": "^2.0.0-beta.46",
      "vuepress-plugin-coze": "^1.8.0"
    },
    "config": {
      "commitizen": {
        "path": "node_modules/cz-git",
        "useEmoji": true
      }
    },
    "scripts": {
      "buildDoc": "npm run docs:build  --  --dest=dist",
      "deploy": "start  deploy.sh",
      "docs:dev": "vuepress dev docs",
      "docs:build": "vuepress build docs"
    }
  }

yarn manifest: 
  No manifest

Lockfile: 
  No lockfile
